
Showing logs for build [32mcb-kubecd-environment-pr-464-6-vthbw-1[0m stage [32mfrom-build-pack[0m and container [32mstep-credential-initializer-nk5ws[0m
{"level":"warn","ts":1584530002.604856,"logger":"fallback-logger","caller":"logging/config.go:69","msg":"Fetch GitHub commit ID from kodata failed: \"ref: refs/heads/0.8.0-**-support-backwards-incompats\" is not a valid GitHub commit ID"}
{"level":"info","ts":1584530002.6054695,"logger":"fallback-logger","caller":"creds-init/main.go:40","msg":"Credentials initialized."}

Showing logs for build [32mcb-kubecd-environment-pr-464-6-vthbw-1[0m stage [32mfrom-build-pack[0m and container [32mstep-working-dir-initializer-5l5bw[0m
{"level":"warn","ts":1584530003.6584334,"logger":"fallback-logger","caller":"logging/config.go:69","msg":"Fetch GitHub commit ID from kodata failed: open /var/run/ko/HEAD: no such file or directory"}
{"level":"info","ts":1584530003.6601539,"logger":"fallback-logger","caller":"bash/main.go:64","msg":"Successfully executed command \"sh -c mkdir -p /workspace/source\"; output "}

Showing logs for build [32mcb-kubecd-environment-pr-464-6-vthbw-1[0m stage [32mfrom-build-pack[0m and container [32mstep-place-tools[0m

Showing logs for build [32mcb-kubecd-environment-pr-464-6-vthbw-1[0m stage [32mfrom-build-pack[0m and container [32mstep-git-source-cb-kubecd-environment-pr-464-6-vthbw-cdjj9[0m
{"level":"warn","ts":1584530008.7356296,"logger":"fallback-logger","caller":"logging/config.go:69","msg":"Fetch GitHub commit ID from kodata failed: \"ref: refs/heads/0.8.0-**-support-backwards-incompats\" is not a valid GitHub commit ID"}
{"level":"info","ts":1584530009.8151739,"logger":"fallback-logger","caller":"git/git.go:103","msg":"Successfully cloned https://github.com/cb-kubecd/environment-pr-464-6-bdd-frontend-staging.git @ master in path /workspace/source"}

Showing logs for build [32mcb-kubecd-environment-pr-464-6-vthbw-1[0m stage [32mfrom-build-pack[0m and container [32mstep-git-merge[0m
Using SHAs from PULL_REFS=master:24e09946836b4cde246bce01e8ce6ed638c9d865,1:1050f8b474483529e59852ad6433f0101467bdd4
DEBUG: LC_ALL=C JX_LOG_LEVEL=error git fetch origin --unshallow 1050f8b474483529e59852ad6433f0101467bdd4: 24e09946836b4cde246bce01e8ce6ed638c9d865:
DEBUG: ran git fetch --unshallow origin 1050f8b474483529e59852ad6433f0101467bdd4: 24e09946836b4cde246bce01e8ce6ed638c9d865: in 
DEBUG: LC_ALL=C JX_LOG_LEVEL=error git branch
DEBUG: JX_LOG_LEVEL=error LC_ALL=C git checkout master
DEBUG: ran git checkout master in 
DEBUG: LC_ALL=C JX_LOG_LEVEL=error git reset --hard 24e09946836b4cde246bce01e8ce6ed638c9d865
DEBUG: ran git reset --hard 24e09946836b4cde246bce01e8ce6ed638c9d865 in 
DEBUG: LC_ALL=C JX_LOG_LEVEL=error git clean -fd .
DEBUG: ran clean --force -d . in 
DEBUG: JX_LOG_LEVEL=error LC_ALL=C git merge 1050f8b474483529e59852ad6433f0101467bdd4
DEBUG: ran git merge 1050f8b474483529e59852ad6433f0101467bdd4 in 
DEBUG: LC_ALL=C JX_LOG_LEVEL=error git log --format=%H%x1f%an%x1f%ae%x1f%cn%x1f%ce%x1f%s%n%b%x1e 24e09946836b4cde246bce01e8ce6ed638c9d865..HEAD
Merged SHA 1050f8b474483529e59852ad6433f0101467bdd4 with commit message 'chore: Promote bdd-nh-1584528974 to version 0.0.1' into base branch master

Showing logs for build [32mcb-kubecd-environment-pr-464-6-vthbw-1[0m stage [32mfrom-build-pack[0m and container [32mstep-build-helm-build[0m
WARNING: No $CHART_REPOSITORY defined so using the default value of: http://jenkins-x-chartmuseum:8080
Adding missing Helm repo: storage.googleapis.com https://storage.googleapis.com/chartmuseum.jenkins-x.io
WARNING: No secrets found on "helm/repos" due: reading the secret "helm/repos" from vault: no secret "helm/repos" not found in vault
Read credentials for https://storage.googleapis.com/chartmuseum.jenkins-x.io from vault helm/repos
Successfully added Helm repository storage.googleapis.com.
Adding missing Helm repo: jenkins-x-chartmuseum http://jenkins-x-chartmuseum:8080
WARNING: No secrets found on "helm/repos" due: reading the secret "helm/repos" from vault: no secret "helm/repos" not found in vault
Read credentials for http://jenkins-x-chartmuseum:8080 from vault helm/repos
Successfully added Helm repository jenkins-x-chartmuseum.
WARNING: No $CHART_REPOSITORY defined so using the default value of: http://jenkins-x-chartmuseum:8080
Adding missing Helm repo: chartmuseum.jenkins-x.io http://chartmuseum.jenkins-x.io
WARNING: No secrets found on "helm/repos" due: reading the secret "helm/repos" from vault: no secret "helm/repos" not found in vault
Read credentials for http://chartmuseum.jenkins-x.io from vault helm/repos
Successfully added Helm repository chartmuseum.jenkins-x.io.
